{
  "D:\\Users\\Jokubas\\Documents\\Kristiania\\SimpleApplication\\client\\components\\chat\\ChatAddButton.jsx": {
    "path": "D:\\Users\\Jokubas\\Documents\\Kristiania\\SimpleApplication\\client\\components\\chat\\ChatAddButton.jsx",
    "statementMap": {
      "0": {
        "start": { "line": 5, "column": 22 },
        "end": { "line": 23, "column": 1 }
      },
      "1": {
        "start": { "line": 6, "column": 19 },
        "end": { "line": 6, "column": 32 }
      },
      "2": {
        "start": { "line": 7, "column": 22 },
        "end": { "line": 11, "column": 3 }
      },
      "3": {
        "start": { "line": 8, "column": 4 },
        "end": { "line": 10, "column": 5 }
      },
      "4": {
        "start": { "line": 9, "column": 6 },
        "end": { "line": 9, "column": 23 }
      },
      "5": {
        "start": { "line": 13, "column": 23 },
        "end": { "line": 13, "column": 50 }
      },
      "6": {
        "start": { "line": 15, "column": 2 },
        "end": { "line": 22, "column": 3 }
      },
      "7": {
        "start": { "line": 16, "column": 4 },
        "end": { "line": 20, "column": 6 }
      }
    },
    "fnMap": {
      "0": {
        "name": "(anonymous_0)",
        "decl": {
          "start": { "line": 5, "column": 22 },
          "end": { "line": 5, "column": 23 }
        },
        "loc": {
          "start": { "line": 5, "column": 28 },
          "end": { "line": 23, "column": 1 }
        },
        "line": 5
      },
      "1": {
        "name": "(anonymous_1)",
        "decl": {
          "start": { "line": 7, "column": 22 },
          "end": { "line": 7, "column": 23 }
        },
        "loc": {
          "start": { "line": 7, "column": 35 },
          "end": { "line": 11, "column": 3 }
        },
        "line": 7
      }
    },
    "branchMap": {
      "0": {
        "loc": {
          "start": { "line": 8, "column": 4 },
          "end": { "line": 10, "column": 5 }
        },
        "type": "if",
        "locations": [
          {
            "start": { "line": 8, "column": 4 },
            "end": { "line": 10, "column": 5 }
          },
          { "start": {}, "end": {} }
        ],
        "line": 8
      },
      "1": {
        "loc": {
          "start": { "line": 15, "column": 2 },
          "end": { "line": 22, "column": 3 }
        },
        "type": "if",
        "locations": [
          {
            "start": { "line": 15, "column": 2 },
            "end": { "line": 22, "column": 3 }
          },
          {
            "start": { "line": 21, "column": 9 },
            "end": { "line": 22, "column": 3 }
          }
        ],
        "line": 15
      }
    },
    "s": { "0": 1, "1": 1, "2": 1, "3": 0, "4": 0, "5": 1, "6": 1, "7": 0 },
    "f": { "0": 1, "1": 0 },
    "b": { "0": [0, 0], "1": [0, 1] },
    "_coverageSchema": "1a1c01bbd47fc00a2c39e90264f33305004495a9",
    "hash": "da5f58fc2798c242340f9c2380e506611b25058e"
  },
  "D:\\Users\\Jokubas\\Documents\\Kristiania\\SimpleApplication\\client\\components\\chat\\ChatDelete.jsx": {
    "path": "D:\\Users\\Jokubas\\Documents\\Kristiania\\SimpleApplication\\client\\components\\chat\\ChatDelete.jsx",
    "statementMap": {
      "0": {
        "start": { "line": 1, "column": 19 },
        "end": { "line": 23, "column": 1 }
      },
      "1": {
        "start": { "line": 2, "column": 21 },
        "end": { "line": 20, "column": 3 }
      },
      "2": {
        "start": { "line": 3, "column": 4 },
        "end": { "line": 19, "column": 5 }
      },
      "3": {
        "start": { "line": 4, "column": 25 },
        "end": { "line": 6, "column": 8 }
      },
      "4": {
        "start": { "line": 8, "column": 6 },
        "end": { "line": 12, "column": 7 }
      },
      "5": {
        "start": { "line": 9, "column": 8 },
        "end": { "line": 11, "column": 10 }
      },
      "6": {
        "start": { "line": 14, "column": 6 },
        "end": { "line": 16, "column": 7 }
      },
      "7": {
        "start": { "line": 15, "column": 8 },
        "end": { "line": 15, "column": 49 }
      },
      "8": {
        "start": { "line": 18, "column": 6 },
        "end": { "line": 18, "column": 61 }
      },
      "9": {
        "start": { "line": 22, "column": 2 },
        "end": { "line": 22, "column": 23 }
      }
    },
    "fnMap": {
      "0": {
        "name": "(anonymous_0)",
        "decl": {
          "start": { "line": 1, "column": 19 },
          "end": { "line": 1, "column": 20 }
        },
        "loc": {
          "start": { "line": 1, "column": 33 },
          "end": { "line": 23, "column": 1 }
        },
        "line": 1
      },
      "1": {
        "name": "(anonymous_1)",
        "decl": {
          "start": { "line": 2, "column": 21 },
          "end": { "line": 2, "column": 22 }
        },
        "loc": {
          "start": { "line": 2, "column": 35 },
          "end": { "line": 20, "column": 3 }
        },
        "line": 2
      }
    },
    "branchMap": {
      "0": {
        "loc": {
          "start": { "line": 8, "column": 6 },
          "end": { "line": 12, "column": 7 }
        },
        "type": "if",
        "locations": [
          {
            "start": { "line": 8, "column": 6 },
            "end": { "line": 12, "column": 7 }
          },
          { "start": {}, "end": {} }
        ],
        "line": 8
      },
      "1": {
        "loc": {
          "start": { "line": 14, "column": 6 },
          "end": { "line": 16, "column": 7 }
        },
        "type": "if",
        "locations": [
          {
            "start": { "line": 14, "column": 6 },
            "end": { "line": 16, "column": 7 }
          },
          { "start": {}, "end": {} }
        ],
        "line": 14
      }
    },
    "s": {
      "0": 1,
      "1": 0,
      "2": 0,
      "3": 0,
      "4": 0,
      "5": 0,
      "6": 0,
      "7": 0,
      "8": 0,
      "9": 0
    },
    "f": { "0": 0, "1": 0 },
    "b": { "0": [0, 0], "1": [0, 0] },
    "_coverageSchema": "1a1c01bbd47fc00a2c39e90264f33305004495a9",
    "hash": "2e4965b6e8ae832010209c1a1e397ed84ac53849"
  },
  "D:\\Users\\Jokubas\\Documents\\Kristiania\\SimpleApplication\\client\\components\\chat\\ChatEdit.jsx": {
    "path": "D:\\Users\\Jokubas\\Documents\\Kristiania\\SimpleApplication\\client\\components\\chat\\ChatEdit.jsx",
    "statementMap": {
      "0": {
        "start": { "line": 6, "column": 17 },
        "end": { "line": 73, "column": 1 }
      },
      "1": {
        "start": { "line": 7, "column": 19 },
        "end": { "line": 7, "column": 32 }
      },
      "2": {
        "start": { "line": 8, "column": 23 },
        "end": { "line": 8, "column": 50 }
      },
      "3": {
        "start": { "line": 10, "column": 22 },
        "end": { "line": 35, "column": 3 }
      },
      "4": {
        "start": { "line": 11, "column": 4 },
        "end": { "line": 11, "column": 23 }
      },
      "5": {
        "start": { "line": 13, "column": 4 },
        "end": { "line": 15, "column": 5 }
      },
      "6": {
        "start": { "line": 14, "column": 6 },
        "end": { "line": 14, "column": 23 }
      },
      "7": {
        "start": { "line": 17, "column": 4 },
        "end": { "line": 21, "column": 5 }
      },
      "8": {
        "start": { "line": 18, "column": 6 },
        "end": { "line": 18, "column": 59 }
      },
      "9": {
        "start": { "line": 19, "column": 6 },
        "end": { "line": 19, "column": 58 }
      },
      "10": {
        "start": { "line": 20, "column": 6 },
        "end": { "line": 20, "column": 24 }
      },
      "11": {
        "start": { "line": 23, "column": 4 },
        "end": { "line": 26, "column": 5 }
      },
      "12": {
        "start": { "line": 24, "column": 6 },
        "end": { "line": 24, "column": 59 }
      },
      "13": {
        "start": { "line": 25, "column": 6 },
        "end": { "line": 25, "column": 26 }
      },
      "14": {
        "start": { "line": 28, "column": 4 },
        "end": { "line": 34, "column": 5 }
      },
      "15": {
        "start": { "line": 29, "column": 6 },
        "end": { "line": 33, "column": 7 }
      },
      "16": {
        "start": { "line": 30, "column": 8 },
        "end": { "line": 30, "column": 38 }
      },
      "17": {
        "start": { "line": 32, "column": 8 },
        "end": { "line": 32, "column": 73 }
      },
      "18": {
        "start": { "line": 37, "column": 2 },
        "end": { "line": 58, "column": 3 }
      },
      "19": {
        "start": { "line": 38, "column": 4 },
        "end": { "line": 57, "column": 6 }
      },
      "20": {
        "start": { "line": 60, "column": 2 },
        "end": { "line": 72, "column": 4 }
      }
    },
    "fnMap": {
      "0": {
        "name": "(anonymous_0)",
        "decl": {
          "start": { "line": 6, "column": 17 },
          "end": { "line": 6, "column": 18 }
        },
        "loc": {
          "start": { "line": 6, "column": 28 },
          "end": { "line": 73, "column": 1 }
        },
        "line": 6
      },
      "1": {
        "name": "(anonymous_1)",
        "decl": {
          "start": { "line": 10, "column": 22 },
          "end": { "line": 10, "column": 23 }
        },
        "loc": {
          "start": { "line": 10, "column": 35 },
          "end": { "line": 35, "column": 3 }
        },
        "line": 10
      }
    },
    "branchMap": {
      "0": {
        "loc": {
          "start": { "line": 13, "column": 4 },
          "end": { "line": 15, "column": 5 }
        },
        "type": "if",
        "locations": [
          {
            "start": { "line": 13, "column": 4 },
            "end": { "line": 15, "column": 5 }
          },
          { "start": {}, "end": {} }
        ],
        "line": 13
      },
      "1": {
        "loc": {
          "start": { "line": 17, "column": 4 },
          "end": { "line": 21, "column": 5 }
        },
        "type": "if",
        "locations": [
          {
            "start": { "line": 17, "column": 4 },
            "end": { "line": 21, "column": 5 }
          },
          { "start": {}, "end": {} }
        ],
        "line": 17
      },
      "2": {
        "loc": {
          "start": { "line": 23, "column": 4 },
          "end": { "line": 26, "column": 5 }
        },
        "type": "if",
        "locations": [
          {
            "start": { "line": 23, "column": 4 },
            "end": { "line": 26, "column": 5 }
          },
          { "start": {}, "end": {} }
        ],
        "line": 23
      },
      "3": {
        "loc": {
          "start": { "line": 28, "column": 4 },
          "end": { "line": 34, "column": 5 }
        },
        "type": "if",
        "locations": [
          {
            "start": { "line": 28, "column": 4 },
            "end": { "line": 34, "column": 5 }
          },
          { "start": {}, "end": {} }
        ],
        "line": 28
      },
      "4": {
        "loc": {
          "start": { "line": 37, "column": 2 },
          "end": { "line": 58, "column": 3 }
        },
        "type": "if",
        "locations": [
          {
            "start": { "line": 37, "column": 2 },
            "end": { "line": 58, "column": 3 }
          },
          { "start": {}, "end": {} }
        ],
        "line": 37
      }
    },
    "s": {
      "0": 1,
      "1": 2,
      "2": 2,
      "3": 2,
      "4": 0,
      "5": 0,
      "6": 0,
      "7": 0,
      "8": 0,
      "9": 0,
      "10": 0,
      "11": 0,
      "12": 0,
      "13": 0,
      "14": 0,
      "15": 0,
      "16": 0,
      "17": 0,
      "18": 2,
      "19": 1,
      "20": 1
    },
    "f": { "0": 2, "1": 0 },
    "b": { "0": [0, 0], "1": [0, 0], "2": [0, 0], "3": [0, 0], "4": [1, 1] },
    "_coverageSchema": "1a1c01bbd47fc00a2c39e90264f33305004495a9",
    "hash": "3c15fa7a9a4215c5a93c26c4b5754a999d9ea478"
  },
  "D:\\Users\\Jokubas\\Documents\\Kristiania\\SimpleApplication\\client\\components\\login\\LoginGoogleOpenID.jsx": {
    "path": "D:\\Users\\Jokubas\\Documents\\Kristiania\\SimpleApplication\\client\\components\\login\\LoginGoogleOpenID.jsx",
    "statementMap": {
      "0": {
        "start": { "line": 3, "column": 26 },
        "end": { "line": 50, "column": 1 }
      },
      "1": {
        "start": { "line": 4, "column": 32 },
        "end": { "line": 4, "column": 44 }
      },
      "2": {
        "start": { "line": 7, "column": 4 },
        "end": { "line": 7, "column": 66 }
      },
      "3": {
        "start": { "line": 9, "column": 4 },
        "end": { "line": 9, "column": 78 }
      },
      "4": {
        "start": { "line": 11, "column": 22 },
        "end": { "line": 39, "column": 3 }
      },
      "5": {
        "start": { "line": 12, "column": 4 },
        "end": { "line": 38, "column": 5 }
      },
      "6": {
        "start": { "line": 13, "column": 23 },
        "end": { "line": 13, "column": 56 }
      },
      "7": {
        "start": { "line": 15, "column": 6 },
        "end": { "line": 30, "column": 7 }
      },
      "8": {
        "start": { "line": 16, "column": 29 },
        "end": { "line": 16, "column": 50 }
      },
      "9": {
        "start": { "line": 18, "column": 23 },
        "end": { "line": 23, "column": 9 }
      },
      "10": {
        "start": { "line": 25, "column": 8 },
        "end": { "line": 29, "column": 10 }
      },
      "11": {
        "start": { "line": 32, "column": 6 },
        "end": { "line": 35, "column": 7 }
      },
      "12": {
        "start": { "line": 33, "column": 25 },
        "end": { "line": 33, "column": 101 }
      },
      "13": {
        "start": { "line": 34, "column": 8 },
        "end": { "line": 34, "column": 30 }
      },
      "14": {
        "start": { "line": 37, "column": 6 },
        "end": { "line": 37, "column": 25 }
      },
      "15": {
        "start": { "line": 41, "column": 2 },
        "end": { "line": 43, "column": 9 }
      },
      "16": {
        "start": { "line": 42, "column": 4 },
        "end": { "line": 42, "column": 18 }
      },
      "17": {
        "start": { "line": 45, "column": 2 },
        "end": { "line": 49, "column": 4 }
      }
    },
    "fnMap": {
      "0": {
        "name": "(anonymous_0)",
        "decl": {
          "start": { "line": 3, "column": 26 },
          "end": { "line": 3, "column": 27 }
        },
        "loc": {
          "start": { "line": 3, "column": 32 },
          "end": { "line": 50, "column": 1 }
        },
        "line": 3
      },
      "1": {
        "name": "(anonymous_1)",
        "decl": {
          "start": { "line": 11, "column": 22 },
          "end": { "line": 11, "column": 23 }
        },
        "loc": {
          "start": { "line": 11, "column": 34 },
          "end": { "line": 39, "column": 3 }
        },
        "line": 11
      },
      "2": {
        "name": "(anonymous_2)",
        "decl": {
          "start": { "line": 41, "column": 12 },
          "end": { "line": 41, "column": 13 }
        },
        "loc": {
          "start": { "line": 41, "column": 18 },
          "end": { "line": 43, "column": 3 }
        },
        "line": 41
      }
    },
    "branchMap": {
      "0": {
        "loc": {
          "start": { "line": 15, "column": 6 },
          "end": { "line": 30, "column": 7 }
        },
        "type": "if",
        "locations": [
          {
            "start": { "line": 15, "column": 6 },
            "end": { "line": 30, "column": 7 }
          },
          { "start": {}, "end": {} }
        ],
        "line": 15
      },
      "1": {
        "loc": {
          "start": { "line": 32, "column": 6 },
          "end": { "line": 35, "column": 7 }
        },
        "type": "if",
        "locations": [
          {
            "start": { "line": 32, "column": 6 },
            "end": { "line": 35, "column": 7 }
          },
          { "start": {}, "end": {} }
        ],
        "line": 32
      }
    },
    "s": {
      "0": 1,
      "1": 1,
      "2": 1,
      "3": 1,
      "4": 1,
      "5": 0,
      "6": 0,
      "7": 0,
      "8": 0,
      "9": 0,
      "10": 0,
      "11": 0,
      "12": 0,
      "13": 0,
      "14": 0,
      "15": 1,
      "16": 0,
      "17": 1
    },
    "f": { "0": 1, "1": 0, "2": 0 },
    "b": { "0": [0, 0], "1": [0, 0] },
    "_coverageSchema": "1a1c01bbd47fc00a2c39e90264f33305004495a9",
    "hash": "41119a873f3b2273f4c1ff5e65352e4e4d91084f"
  },
  "D:\\Users\\Jokubas\\Documents\\Kristiania\\SimpleApplication\\client\\components\\view\\Footer.jsx": {
    "path": "D:\\Users\\Jokubas\\Documents\\Kristiania\\SimpleApplication\\client\\components\\view\\Footer.jsx",
    "statementMap": {
      "0": {
        "start": { "line": 1, "column": 15 },
        "end": { "line": 3, "column": 1 }
      },
      "1": {
        "start": { "line": 2, "column": 2 },
        "end": { "line": 2, "column": 45 }
      }
    },
    "fnMap": {
      "0": {
        "name": "(anonymous_0)",
        "decl": {
          "start": { "line": 1, "column": 15 },
          "end": { "line": 1, "column": 16 }
        },
        "loc": {
          "start": { "line": 1, "column": 21 },
          "end": { "line": 3, "column": 1 }
        },
        "line": 1
      }
    },
    "branchMap": {},
    "s": { "0": 2, "1": 3 },
    "f": { "0": 3 },
    "b": {},
    "_coverageSchema": "1a1c01bbd47fc00a2c39e90264f33305004495a9",
    "hash": "5250ce0521c96a0d0e83d31b4cc04b703d680f2a"
  },
  "D:\\Users\\Jokubas\\Documents\\Kristiania\\SimpleApplication\\client\\components\\view\\Header.jsx": {
    "path": "D:\\Users\\Jokubas\\Documents\\Kristiania\\SimpleApplication\\client\\components\\view\\Header.jsx",
    "statementMap": {
      "0": {
        "start": { "line": 1, "column": 15 },
        "end": { "line": 3, "column": 1 }
      },
      "1": {
        "start": { "line": 2, "column": 2 },
        "end": { "line": 2, "column": 61 }
      }
    },
    "fnMap": {
      "0": {
        "name": "(anonymous_0)",
        "decl": {
          "start": { "line": 1, "column": 15 },
          "end": { "line": 1, "column": 16 }
        },
        "loc": {
          "start": { "line": 1, "column": 21 },
          "end": { "line": 3, "column": 1 }
        },
        "line": 1
      }
    },
    "branchMap": {},
    "s": { "0": 2, "1": 3 },
    "f": { "0": 3 },
    "b": {},
    "_coverageSchema": "1a1c01bbd47fc00a2c39e90264f33305004495a9",
    "hash": "95e927942e8a45c9ac5b194087f1214e256f9c3a"
  },
  "D:\\Users\\Jokubas\\Documents\\Kristiania\\SimpleApplication\\client\\components\\view\\Navigation.jsx": {
    "path": "D:\\Users\\Jokubas\\Documents\\Kristiania\\SimpleApplication\\client\\components\\view\\Navigation.jsx",
    "statementMap": {
      "0": {
        "start": { "line": 5, "column": 19 },
        "end": { "line": 59, "column": 1 }
      },
      "1": {
        "start": { "line": 6, "column": 19 },
        "end": { "line": 6, "column": 32 }
      },
      "2": {
        "start": { "line": 7, "column": 35 },
        "end": { "line": 7, "column": 62 }
      },
      "3": {
        "start": { "line": 9, "column": 22 },
        "end": { "line": 40, "column": 3 }
      },
      "4": {
        "start": { "line": 10, "column": 4 },
        "end": { "line": 10, "column": 23 }
      },
      "5": {
        "start": { "line": 12, "column": 4 },
        "end": { "line": 14, "column": 5 }
      },
      "6": {
        "start": { "line": 13, "column": 6 },
        "end": { "line": 13, "column": 24 }
      },
      "7": {
        "start": { "line": 16, "column": 4 },
        "end": { "line": 18, "column": 5 }
      },
      "8": {
        "start": { "line": 17, "column": 6 },
        "end": { "line": 17, "column": 28 }
      },
      "9": {
        "start": { "line": 20, "column": 4 },
        "end": { "line": 22, "column": 5 }
      },
      "10": {
        "start": { "line": 21, "column": 6 },
        "end": { "line": 21, "column": 27 }
      },
      "11": {
        "start": { "line": 24, "column": 4 },
        "end": { "line": 39, "column": 5 }
      },
      "12": {
        "start": { "line": 25, "column": 23 },
        "end": { "line": 27, "column": 8 }
      },
      "13": {
        "start": { "line": 29, "column": 6 },
        "end": { "line": 33, "column": 7 }
      },
      "14": {
        "start": { "line": 30, "column": 8 },
        "end": { "line": 32, "column": 10 }
      },
      "15": {
        "start": { "line": 35, "column": 6 },
        "end": { "line": 38, "column": 7 }
      },
      "16": {
        "start": { "line": 36, "column": 8 },
        "end": { "line": 36, "column": 38 }
      },
      "17": {
        "start": { "line": 37, "column": 8 },
        "end": { "line": 37, "column": 22 }
      },
      "18": {
        "start": { "line": 42, "column": 2 },
        "end": { "line": 58, "column": 4 }
      }
    },
    "fnMap": {
      "0": {
        "name": "(anonymous_0)",
        "decl": {
          "start": { "line": 5, "column": 19 },
          "end": { "line": 5, "column": 20 }
        },
        "loc": {
          "start": { "line": 5, "column": 25 },
          "end": { "line": 59, "column": 1 }
        },
        "line": 5
      },
      "1": {
        "name": "(anonymous_1)",
        "decl": {
          "start": { "line": 9, "column": 22 },
          "end": { "line": 9, "column": 23 }
        },
        "loc": {
          "start": { "line": 9, "column": 35 },
          "end": { "line": 40, "column": 3 }
        },
        "line": 9
      }
    },
    "branchMap": {
      "0": {
        "loc": {
          "start": { "line": 12, "column": 4 },
          "end": { "line": 14, "column": 5 }
        },
        "type": "if",
        "locations": [
          {
            "start": { "line": 12, "column": 4 },
            "end": { "line": 14, "column": 5 }
          },
          { "start": {}, "end": {} }
        ],
        "line": 12
      },
      "1": {
        "loc": {
          "start": { "line": 16, "column": 4 },
          "end": { "line": 18, "column": 5 }
        },
        "type": "if",
        "locations": [
          {
            "start": { "line": 16, "column": 4 },
            "end": { "line": 18, "column": 5 }
          },
          { "start": {}, "end": {} }
        ],
        "line": 16
      },
      "2": {
        "loc": {
          "start": { "line": 20, "column": 4 },
          "end": { "line": 22, "column": 5 }
        },
        "type": "if",
        "locations": [
          {
            "start": { "line": 20, "column": 4 },
            "end": { "line": 22, "column": 5 }
          },
          { "start": {}, "end": {} }
        ],
        "line": 20
      },
      "3": {
        "loc": {
          "start": { "line": 24, "column": 4 },
          "end": { "line": 39, "column": 5 }
        },
        "type": "if",
        "locations": [
          {
            "start": { "line": 24, "column": 4 },
            "end": { "line": 39, "column": 5 }
          },
          { "start": {}, "end": {} }
        ],
        "line": 24
      },
      "4": {
        "loc": {
          "start": { "line": 29, "column": 6 },
          "end": { "line": 33, "column": 7 }
        },
        "type": "if",
        "locations": [
          {
            "start": { "line": 29, "column": 6 },
            "end": { "line": 33, "column": 7 }
          },
          { "start": {}, "end": {} }
        ],
        "line": 29
      },
      "5": {
        "loc": {
          "start": { "line": 35, "column": 6 },
          "end": { "line": 38, "column": 7 }
        },
        "type": "if",
        "locations": [
          {
            "start": { "line": 35, "column": 6 },
            "end": { "line": 38, "column": 7 }
          },
          { "start": {}, "end": {} }
        ],
        "line": 35
      },
      "6": {
        "loc": {
          "start": { "line": 44, "column": 42 },
          "end": { "line": 44, "column": 64 }
        },
        "type": "binary-expr",
        "locations": [
          {
            "start": { "line": 44, "column": 42 },
            "end": { "line": 44, "column": 52 }
          },
          {
            "start": { "line": 44, "column": 56 },
            "end": { "line": 44, "column": 64 }
          }
        ],
        "line": 44
      }
    },
    "s": {
      "0": 2,
      "1": 2,
      "2": 2,
      "3": 2,
      "4": 0,
      "5": 0,
      "6": 0,
      "7": 0,
      "8": 0,
      "9": 0,
      "10": 0,
      "11": 0,
      "12": 0,
      "13": 0,
      "14": 0,
      "15": 0,
      "16": 0,
      "17": 0,
      "18": 2
    },
    "f": { "0": 2, "1": 0 },
    "b": {
      "0": [0, 0],
      "1": [0, 0],
      "2": [0, 0],
      "3": [0, 0],
      "4": [0, 0],
      "5": [0, 0],
      "6": [2, 0]
    },
    "_coverageSchema": "1a1c01bbd47fc00a2c39e90264f33305004495a9",
    "hash": "1096978a0ed8d6c86ff92f1691413d4772002e8b"
  },
  "D:\\Users\\Jokubas\\Documents\\Kristiania\\SimpleApplication\\client\\components\\view\\ProfileCard.jsx": {
    "path": "D:\\Users\\Jokubas\\Documents\\Kristiania\\SimpleApplication\\client\\components\\view\\ProfileCard.jsx",
    "statementMap": {
      "0": {
        "start": { "line": 4, "column": 20 },
        "end": { "line": 34, "column": 1 }
      },
      "1": {
        "start": { "line": 6, "column": 4 },
        "end": { "line": 6, "column": 31 }
      },
      "2": {
        "start": { "line": 8, "column": 2 },
        "end": { "line": 21, "column": 3 }
      },
      "3": {
        "start": { "line": 9, "column": 4 },
        "end": { "line": 20, "column": 6 }
      },
      "4": {
        "start": { "line": 23, "column": 2 },
        "end": { "line": 33, "column": 3 }
      },
      "5": {
        "start": { "line": 24, "column": 4 },
        "end": { "line": 32, "column": 6 }
      }
    },
    "fnMap": {
      "0": {
        "name": "(anonymous_0)",
        "decl": {
          "start": { "line": 4, "column": 20 },
          "end": { "line": 4, "column": 21 }
        },
        "loc": {
          "start": { "line": 4, "column": 26 },
          "end": { "line": 34, "column": 1 }
        },
        "line": 4
      }
    },
    "branchMap": {
      "0": {
        "loc": {
          "start": { "line": 8, "column": 2 },
          "end": { "line": 21, "column": 3 }
        },
        "type": "if",
        "locations": [
          {
            "start": { "line": 8, "column": 2 },
            "end": { "line": 21, "column": 3 }
          },
          { "start": {}, "end": {} }
        ],
        "line": 8
      },
      "1": {
        "loc": {
          "start": { "line": 23, "column": 2 },
          "end": { "line": 33, "column": 3 }
        },
        "type": "if",
        "locations": [
          {
            "start": { "line": 23, "column": 2 },
            "end": { "line": 33, "column": 3 }
          },
          { "start": {}, "end": {} }
        ],
        "line": 23
      }
    },
    "s": { "0": 2, "1": 2, "2": 2, "3": 1, "4": 1, "5": 0 },
    "f": { "0": 2 },
    "b": { "0": [1, 1], "1": [0, 1] },
    "_coverageSchema": "1a1c01bbd47fc00a2c39e90264f33305004495a9",
    "hash": "a34e559aebbc75ff2217064444712afcefeb55e5"
  },
  "D:\\Users\\Jokubas\\Documents\\Kristiania\\SimpleApplication\\client\\components\\view\\UserList.jsx": {
    "path": "D:\\Users\\Jokubas\\Documents\\Kristiania\\SimpleApplication\\client\\components\\view\\UserList.jsx",
    "statementMap": {
      "0": {
        "start": { "line": 5, "column": 17 },
        "end": { "line": 54, "column": 1 }
      },
      "1": {
        "start": { "line": 6, "column": 19 },
        "end": { "line": 6, "column": 32 }
      },
      "2": {
        "start": { "line": 7, "column": 39 },
        "end": { "line": 7, "column": 66 }
      },
      "3": {
        "start": { "line": 9, "column": 26 },
        "end": { "line": 16, "column": 3 }
      },
      "4": {
        "start": { "line": 10, "column": 4 },
        "end": { "line": 10, "column": 60 }
      },
      "5": {
        "start": { "line": 11, "column": 4 },
        "end": { "line": 14, "column": 6 }
      },
      "6": {
        "start": { "line": 15, "column": 4 },
        "end": { "line": 15, "column": 22 }
      },
      "7": {
        "start": { "line": 18, "column": 32 },
        "end": { "line": 23, "column": 3 }
      },
      "8": {
        "start": { "line": 19, "column": 4 },
        "end": { "line": 19, "column": 58 }
      },
      "9": {
        "start": { "line": 20, "column": 4 },
        "end": { "line": 20, "column": 56 }
      },
      "10": {
        "start": { "line": 21, "column": 4 },
        "end": { "line": 21, "column": 60 }
      },
      "11": {
        "start": { "line": 22, "column": 4 },
        "end": { "line": 22, "column": 29 }
      },
      "12": {
        "start": { "line": 25, "column": 2 },
        "end": { "line": 53, "column": 4 }
      },
      "13": {
        "start": { "line": 29, "column": 8 },
        "end": { "line": 40, "column": 14 }
      },
      "14": {
        "start": { "line": 32, "column": 25 },
        "end": { "line": 32, "column": 52 }
      },
      "15": {
        "start": { "line": 43, "column": 8 },
        "end": { "line": 50, "column": 14 }
      },
      "16": {
        "start": { "line": 46, "column": 25 },
        "end": { "line": 46, "column": 70 }
      }
    },
    "fnMap": {
      "0": {
        "name": "(anonymous_0)",
        "decl": {
          "start": { "line": 5, "column": 17 },
          "end": { "line": 5, "column": 18 }
        },
        "loc": {
          "start": { "line": 5, "column": 23 },
          "end": { "line": 54, "column": 1 }
        },
        "line": 5
      },
      "1": {
        "name": "(anonymous_1)",
        "decl": {
          "start": { "line": 9, "column": 26 },
          "end": { "line": 9, "column": 27 }
        },
        "loc": {
          "start": { "line": 9, "column": 40 },
          "end": { "line": 16, "column": 3 }
        },
        "line": 9
      },
      "2": {
        "name": "(anonymous_2)",
        "decl": {
          "start": { "line": 18, "column": 32 },
          "end": { "line": 18, "column": 33 }
        },
        "loc": {
          "start": { "line": 18, "column": 54 },
          "end": { "line": 23, "column": 3 }
        },
        "line": 18
      },
      "3": {
        "name": "(anonymous_3)",
        "decl": {
          "start": { "line": 28, "column": 20 },
          "end": { "line": 28, "column": 21 }
        },
        "loc": {
          "start": { "line": 29, "column": 8 },
          "end": { "line": 40, "column": 14 }
        },
        "line": 29
      },
      "4": {
        "name": "(anonymous_4)",
        "decl": {
          "start": { "line": 32, "column": 19 },
          "end": { "line": 32, "column": 20 }
        },
        "loc": {
          "start": { "line": 32, "column": 25 },
          "end": { "line": 32, "column": 52 }
        },
        "line": 32
      },
      "5": {
        "name": "(anonymous_5)",
        "decl": {
          "start": { "line": 42, "column": 26 },
          "end": { "line": 42, "column": 27 }
        },
        "loc": {
          "start": { "line": 43, "column": 8 },
          "end": { "line": 50, "column": 14 }
        },
        "line": 43
      },
      "6": {
        "name": "(anonymous_6)",
        "decl": {
          "start": { "line": 46, "column": 19 },
          "end": { "line": 46, "column": 20 }
        },
        "loc": {
          "start": { "line": 46, "column": 25 },
          "end": { "line": 46, "column": 70 }
        },
        "line": 46
      }
    },
    "branchMap": {},
    "s": {
      "0": 1,
      "1": 1,
      "2": 1,
      "3": 1,
      "4": 0,
      "5": 0,
      "6": 0,
      "7": 1,
      "8": 0,
      "9": 0,
      "10": 0,
      "11": 0,
      "12": 1,
      "13": 1,
      "14": 0,
      "15": 1,
      "16": 0
    },
    "f": { "0": 1, "1": 0, "2": 0, "3": 1, "4": 0, "5": 1, "6": 0 },
    "b": {},
    "_coverageSchema": "1a1c01bbd47fc00a2c39e90264f33305004495a9",
    "hash": "5076c0102d00684271811d55d06b5993de86f10b"
  },
  "D:\\Users\\Jokubas\\Documents\\Kristiania\\SimpleApplication\\client\\hooks\\useLoginContext.jsx": {
    "path": "D:\\Users\\Jokubas\\Documents\\Kristiania\\SimpleApplication\\client\\hooks\\useLoginContext.jsx",
    "statementMap": {
      "0": {
        "start": { "line": 3, "column": 24 },
        "end": { "line": 18, "column": 2 }
      }
    },
    "fnMap": {
      "0": {
        "name": "(anonymous_0)",
        "decl": {
          "start": { "line": 16, "column": 12 },
          "end": { "line": 16, "column": 13 }
        },
        "loc": {
          "start": { "line": 16, "column": 24 },
          "end": { "line": 16, "column": 26 }
        },
        "line": 16
      },
      "1": {
        "name": "(anonymous_1)",
        "decl": {
          "start": { "line": 17, "column": 14 },
          "end": { "line": 17, "column": 15 }
        },
        "loc": {
          "start": { "line": 17, "column": 26 },
          "end": { "line": 17, "column": 28 }
        },
        "line": 17
      }
    },
    "branchMap": {},
    "s": { "0": 3 },
    "f": { "0": 0, "1": 0 },
    "b": {},
    "_coverageSchema": "1a1c01bbd47fc00a2c39e90264f33305004495a9",
    "hash": "25c1d2b43549dd4d0c17ce742b40ea1406e6c9af"
  },
  "D:\\Users\\Jokubas\\Documents\\Kristiania\\SimpleApplication\\client\\views\\Add.jsx": {
    "path": "D:\\Users\\Jokubas\\Documents\\Kristiania\\SimpleApplication\\client\\views\\Add.jsx",
    "statementMap": {
      "0": {
        "start": { "line": 9, "column": 12 },
        "end": { "line": 169, "column": 1 }
      },
      "1": {
        "start": { "line": 10, "column": 17 },
        "end": { "line": 10, "column": 30 }
      },
      "2": {
        "start": { "line": 13, "column": 4 },
        "end": { "line": 13, "column": 31 }
      },
      "3": {
        "start": { "line": 15, "column": 28 },
        "end": { "line": 15, "column": 40 }
      },
      "4": {
        "start": { "line": 16, "column": 40 },
        "end": { "line": 16, "column": 52 }
      },
      "5": {
        "start": { "line": 17, "column": 38 },
        "end": { "line": 17, "column": 50 }
      },
      "6": {
        "start": { "line": 19, "column": 28 },
        "end": { "line": 42, "column": 3 }
      },
      "7": {
        "start": { "line": 20, "column": 4 },
        "end": { "line": 20, "column": 23 }
      },
      "8": {
        "start": { "line": 22, "column": 23 },
        "end": { "line": 22, "column": 69 }
      },
      "9": {
        "start": { "line": 24, "column": 22 },
        "end": { "line": 24, "column": 45 }
      },
      "10": {
        "start": { "line": 26, "column": 4 },
        "end": { "line": 28, "column": 5 }
      },
      "11": {
        "start": { "line": 27, "column": 6 },
        "end": { "line": 27, "column": 71 }
      },
      "12": {
        "start": { "line": 30, "column": 4 },
        "end": { "line": 41, "column": 5 }
      },
      "13": {
        "start": { "line": 31, "column": 6 },
        "end": { "line": 34, "column": 7 }
      },
      "14": {
        "start": { "line": 32, "column": 8 },
        "end": { "line": 32, "column": 26 }
      },
      "15": {
        "start": { "line": 33, "column": 8 },
        "end": { "line": 33, "column": 26 }
      },
      "16": {
        "start": { "line": 36, "column": 6 },
        "end": { "line": 40, "column": 7 }
      },
      "17": {
        "start": { "line": 37, "column": 8 },
        "end": { "line": 39, "column": 10 }
      },
      "18": {
        "start": { "line": 44, "column": 20 },
        "end": { "line": 108, "column": 3 }
      },
      "19": {
        "start": { "line": 45, "column": 4 },
        "end": { "line": 75, "column": 5 }
      },
      "20": {
        "start": { "line": 46, "column": 22 },
        "end": { "line": 51, "column": 7 }
      },
      "21": {
        "start": { "line": 53, "column": 6 },
        "end": { "line": 74, "column": 7 }
      },
      "22": {
        "start": { "line": 54, "column": 25 },
        "end": { "line": 60, "column": 10 }
      },
      "23": {
        "start": { "line": 62, "column": 8 },
        "end": { "line": 66, "column": 9 }
      },
      "24": {
        "start": { "line": 63, "column": 10 },
        "end": { "line": 65, "column": 12 }
      },
      "25": {
        "start": { "line": 68, "column": 8 },
        "end": { "line": 71, "column": 9 }
      },
      "26": {
        "start": { "line": 69, "column": 10 },
        "end": { "line": 69, "column": 50 }
      },
      "27": {
        "start": { "line": 70, "column": 10 },
        "end": { "line": 70, "column": 30 }
      },
      "28": {
        "start": { "line": 73, "column": 8 },
        "end": { "line": 73, "column": 27 }
      },
      "29": {
        "start": { "line": 77, "column": 4 },
        "end": { "line": 107, "column": 5 }
      },
      "30": {
        "start": { "line": 78, "column": 22 },
        "end": { "line": 83, "column": 7 }
      },
      "31": {
        "start": { "line": 85, "column": 6 },
        "end": { "line": 106, "column": 7 }
      },
      "32": {
        "start": { "line": 86, "column": 25 },
        "end": { "line": 92, "column": 10 }
      },
      "33": {
        "start": { "line": 94, "column": 8 },
        "end": { "line": 98, "column": 9 }
      },
      "34": {
        "start": { "line": 95, "column": 10 },
        "end": { "line": 97, "column": 12 }
      },
      "35": {
        "start": { "line": 100, "column": 8 },
        "end": { "line": 103, "column": 9 }
      },
      "36": {
        "start": { "line": 101, "column": 10 },
        "end": { "line": 101, "column": 50 }
      },
      "37": {
        "start": { "line": 102, "column": 10 },
        "end": { "line": 102, "column": 30 }
      },
      "38": {
        "start": { "line": 105, "column": 8 },
        "end": { "line": 105, "column": 27 }
      },
      "39": {
        "start": { "line": 110, "column": 2 },
        "end": { "line": 112, "column": 9 }
      },
      "40": {
        "start": { "line": 111, "column": 4 },
        "end": { "line": 111, "column": 15 }
      },
      "41": {
        "start": { "line": 114, "column": 2 },
        "end": { "line": 168, "column": 4 }
      },
      "42": {
        "start": { "line": 135, "column": 39 },
        "end": { "line": 135, "column": 63 }
      },
      "43": {
        "start": { "line": 146, "column": 39 },
        "end": { "line": 146, "column": 69 }
      }
    },
    "fnMap": {
      "0": {
        "name": "(anonymous_0)",
        "decl": {
          "start": { "line": 9, "column": 12 },
          "end": { "line": 9, "column": 13 }
        },
        "loc": {
          "start": { "line": 9, "column": 18 },
          "end": { "line": 169, "column": 1 }
        },
        "line": 9
      },
      "1": {
        "name": "(anonymous_1)",
        "decl": {
          "start": { "line": 19, "column": 28 },
          "end": { "line": 19, "column": 29 }
        },
        "loc": {
          "start": { "line": 19, "column": 41 },
          "end": { "line": 42, "column": 3 }
        },
        "line": 19
      },
      "2": {
        "name": "(anonymous_2)",
        "decl": {
          "start": { "line": 44, "column": 20 },
          "end": { "line": 44, "column": 21 }
        },
        "loc": {
          "start": { "line": 44, "column": 32 },
          "end": { "line": 108, "column": 3 }
        },
        "line": 44
      },
      "3": {
        "name": "(anonymous_3)",
        "decl": {
          "start": { "line": 110, "column": 12 },
          "end": { "line": 110, "column": 13 }
        },
        "loc": {
          "start": { "line": 110, "column": 18 },
          "end": { "line": 112, "column": 3 }
        },
        "line": 110
      },
      "4": {
        "name": "(anonymous_4)",
        "decl": {
          "start": { "line": 135, "column": 32 },
          "end": { "line": 135, "column": 33 }
        },
        "loc": {
          "start": { "line": 135, "column": 39 },
          "end": { "line": 135, "column": 63 }
        },
        "line": 135
      },
      "5": {
        "name": "(anonymous_5)",
        "decl": {
          "start": { "line": 146, "column": 32 },
          "end": { "line": 146, "column": 33 }
        },
        "loc": {
          "start": { "line": 146, "column": 39 },
          "end": { "line": 146, "column": 69 }
        },
        "line": 146
      }
    },
    "branchMap": {
      "0": {
        "loc": {
          "start": { "line": 26, "column": 4 },
          "end": { "line": 28, "column": 5 }
        },
        "type": "if",
        "locations": [
          {
            "start": { "line": 26, "column": 4 },
            "end": { "line": 28, "column": 5 }
          },
          { "start": {}, "end": {} }
        ],
        "line": 26
      },
      "1": {
        "loc": {
          "start": { "line": 30, "column": 4 },
          "end": { "line": 41, "column": 5 }
        },
        "type": "if",
        "locations": [
          {
            "start": { "line": 30, "column": 4 },
            "end": { "line": 41, "column": 5 }
          },
          { "start": {}, "end": {} }
        ],
        "line": 30
      },
      "2": {
        "loc": {
          "start": { "line": 31, "column": 6 },
          "end": { "line": 34, "column": 7 }
        },
        "type": "if",
        "locations": [
          {
            "start": { "line": 31, "column": 6 },
            "end": { "line": 34, "column": 7 }
          },
          { "start": {}, "end": {} }
        ],
        "line": 31
      },
      "3": {
        "loc": {
          "start": { "line": 36, "column": 6 },
          "end": { "line": 40, "column": 7 }
        },
        "type": "if",
        "locations": [
          {
            "start": { "line": 36, "column": 6 },
            "end": { "line": 40, "column": 7 }
          },
          { "start": {}, "end": {} }
        ],
        "line": 36
      },
      "4": {
        "loc": {
          "start": { "line": 45, "column": 4 },
          "end": { "line": 75, "column": 5 }
        },
        "type": "if",
        "locations": [
          {
            "start": { "line": 45, "column": 4 },
            "end": { "line": 75, "column": 5 }
          },
          { "start": {}, "end": {} }
        ],
        "line": 45
      },
      "5": {
        "loc": {
          "start": { "line": 62, "column": 8 },
          "end": { "line": 66, "column": 9 }
        },
        "type": "if",
        "locations": [
          {
            "start": { "line": 62, "column": 8 },
            "end": { "line": 66, "column": 9 }
          },
          { "start": {}, "end": {} }
        ],
        "line": 62
      },
      "6": {
        "loc": {
          "start": { "line": 68, "column": 8 },
          "end": { "line": 71, "column": 9 }
        },
        "type": "if",
        "locations": [
          {
            "start": { "line": 68, "column": 8 },
            "end": { "line": 71, "column": 9 }
          },
          { "start": {}, "end": {} }
        ],
        "line": 68
      },
      "7": {
        "loc": {
          "start": { "line": 77, "column": 4 },
          "end": { "line": 107, "column": 5 }
        },
        "type": "if",
        "locations": [
          {
            "start": { "line": 77, "column": 4 },
            "end": { "line": 107, "column": 5 }
          },
          { "start": {}, "end": {} }
        ],
        "line": 77
      },
      "8": {
        "loc": {
          "start": { "line": 94, "column": 8 },
          "end": { "line": 98, "column": 9 }
        },
        "type": "if",
        "locations": [
          {
            "start": { "line": 94, "column": 8 },
            "end": { "line": 98, "column": 9 }
          },
          { "start": {}, "end": {} }
        ],
        "line": 94
      },
      "9": {
        "loc": {
          "start": { "line": 100, "column": 8 },
          "end": { "line": 103, "column": 9 }
        },
        "type": "if",
        "locations": [
          {
            "start": { "line": 100, "column": 8 },
            "end": { "line": 103, "column": 9 }
          },
          { "start": {}, "end": {} }
        ],
        "line": 100
      }
    },
    "s": {
      "0": 1,
      "1": 2,
      "2": 1,
      "3": 1,
      "4": 1,
      "5": 1,
      "6": 1,
      "7": 0,
      "8": 0,
      "9": 0,
      "10": 0,
      "11": 0,
      "12": 0,
      "13": 0,
      "14": 0,
      "15": 0,
      "16": 0,
      "17": 0,
      "18": 1,
      "19": 0,
      "20": 0,
      "21": 0,
      "22": 0,
      "23": 0,
      "24": 0,
      "25": 0,
      "26": 0,
      "27": 0,
      "28": 0,
      "29": 0,
      "30": 0,
      "31": 0,
      "32": 0,
      "33": 0,
      "34": 0,
      "35": 0,
      "36": 0,
      "37": 0,
      "38": 0,
      "39": 1,
      "40": 1,
      "41": 1,
      "42": 0,
      "43": 0
    },
    "f": { "0": 2, "1": 0, "2": 0, "3": 1, "4": 0, "5": 0 },
    "b": {
      "0": [0, 0],
      "1": [0, 0],
      "2": [0, 0],
      "3": [0, 0],
      "4": [0, 0],
      "5": [0, 0],
      "6": [0, 0],
      "7": [0, 0],
      "8": [0, 0],
      "9": [0, 0]
    },
    "_coverageSchema": "1a1c01bbd47fc00a2c39e90264f33305004495a9",
    "hash": "be3dc3f31aa7de017c03a32a0e5550d1ecfffea5"
  },
  "D:\\Users\\Jokubas\\Documents\\Kristiania\\SimpleApplication\\client\\views\\Callback.jsx": {
    "path": "D:\\Users\\Jokubas\\Documents\\Kristiania\\SimpleApplication\\client\\views\\Callback.jsx",
    "statementMap": {
      "0": {
        "start": { "line": 7, "column": 17 },
        "end": { "line": 164, "column": 1 }
      },
      "1": {
        "start": { "line": 8, "column": 21 },
        "end": { "line": 8, "column": 34 }
      },
      "2": {
        "start": { "line": 9, "column": 28 },
        "end": { "line": 9, "column": 38 }
      },
      "3": {
        "start": { "line": 10, "column": 23 },
        "end": { "line": 10, "column": 50 }
      },
      "4": {
        "start": { "line": 12, "column": 22 },
        "end": { "line": 42, "column": 3 }
      },
      "5": {
        "start": { "line": 13, "column": 4 },
        "end": { "line": 13, "column": 23 }
      },
      "6": {
        "start": { "line": 15, "column": 4 },
        "end": { "line": 41, "column": 5 }
      },
      "7": {
        "start": { "line": 16, "column": 6 },
        "end": { "line": 18, "column": 7 }
      },
      "8": {
        "start": { "line": 17, "column": 8 },
        "end": { "line": 17, "column": 28 }
      },
      "9": {
        "start": { "line": 20, "column": 6 },
        "end": { "line": 22, "column": 7 }
      },
      "10": {
        "start": { "line": 21, "column": 8 },
        "end": { "line": 21, "column": 31 }
      },
      "11": {
        "start": { "line": 24, "column": 6 },
        "end": { "line": 38, "column": 7 }
      },
      "12": {
        "start": { "line": 25, "column": 25 },
        "end": { "line": 27, "column": 10 }
      },
      "13": {
        "start": { "line": 29, "column": 8 },
        "end": { "line": 33, "column": 9 }
      },
      "14": {
        "start": { "line": 30, "column": 10 },
        "end": { "line": 32, "column": 12 }
      },
      "15": {
        "start": { "line": 35, "column": 8 },
        "end": { "line": 37, "column": 9 }
      },
      "16": {
        "start": { "line": 36, "column": 10 },
        "end": { "line": 36, "column": 26 }
      },
      "17": {
        "start": { "line": 40, "column": 6 },
        "end": { "line": 40, "column": 25 }
      },
      "18": {
        "start": { "line": 44, "column": 25 },
        "end": { "line": 70, "column": 3 }
      },
      "19": {
        "start": { "line": 45, "column": 4 },
        "end": { "line": 69, "column": 5 }
      },
      "20": {
        "start": { "line": 46, "column": 25 },
        "end": { "line": 48, "column": 7 }
      },
      "21": {
        "start": { "line": 49, "column": 31 },
        "end": { "line": 49, "column": 41 }
      },
      "22": {
        "start": { "line": 51, "column": 23 },
        "end": { "line": 57, "column": 8 }
      },
      "23": {
        "start": { "line": 59, "column": 6 },
        "end": { "line": 62, "column": 7 }
      },
      "24": {
        "start": { "line": 60, "column": 25 },
        "end": { "line": 60, "column": 95 }
      },
      "25": {
        "start": { "line": 61, "column": 8 },
        "end": { "line": 61, "column": 27 }
      },
      "26": {
        "start": { "line": 64, "column": 6 },
        "end": { "line": 66, "column": 7 }
      },
      "27": {
        "start": { "line": 65, "column": 8 },
        "end": { "line": 65, "column": 28 }
      },
      "28": {
        "start": { "line": 68, "column": 6 },
        "end": { "line": 68, "column": 25 }
      },
      "29": {
        "start": { "line": 72, "column": 22 },
        "end": { "line": 86, "column": 3 }
      },
      "30": {
        "start": { "line": 73, "column": 4 },
        "end": { "line": 85, "column": 5 }
      },
      "31": {
        "start": { "line": 74, "column": 23 },
        "end": { "line": 74, "column": 49 }
      },
      "32": {
        "start": { "line": 76, "column": 23 },
        "end": { "line": 76, "column": 44 }
      },
      "33": {
        "start": { "line": 78, "column": 6 },
        "end": { "line": 78, "column": 65 }
      },
      "34": {
        "start": { "line": 79, "column": 6 },
        "end": { "line": 79, "column": 67 }
      },
      "35": {
        "start": { "line": 80, "column": 6 },
        "end": { "line": 80, "column": 67 }
      },
      "36": {
        "start": { "line": 81, "column": 6 },
        "end": { "line": 81, "column": 77 }
      },
      "37": {
        "start": { "line": 82, "column": 6 },
        "end": { "line": 82, "column": 26 }
      },
      "38": {
        "start": { "line": 84, "column": 6 },
        "end": { "line": 84, "column": 70 }
      },
      "39": {
        "start": { "line": 88, "column": 26 },
        "end": { "line": 106, "column": 3 }
      },
      "40": {
        "start": { "line": 89, "column": 4 },
        "end": { "line": 105, "column": 5 }
      },
      "41": {
        "start": { "line": 90, "column": 24 },
        "end": { "line": 90, "column": 64 }
      },
      "42": {
        "start": { "line": 92, "column": 24 },
        "end": { "line": 92, "column": 46 }
      },
      "43": {
        "start": { "line": 94, "column": 6 },
        "end": { "line": 98, "column": 7 }
      },
      "44": {
        "start": { "line": 95, "column": 8 },
        "end": { "line": 97, "column": 9 }
      },
      "45": {
        "start": { "line": 96, "column": 10 },
        "end": { "line": 96, "column": 51 }
      },
      "46": {
        "start": { "line": 100, "column": 6 },
        "end": { "line": 102, "column": 7 }
      },
      "47": {
        "start": { "line": 101, "column": 8 },
        "end": { "line": 101, "column": 63 }
      },
      "48": {
        "start": { "line": 104, "column": 6 },
        "end": { "line": 104, "column": 67 }
      },
      "49": {
        "start": { "line": 108, "column": 27 },
        "end": { "line": 129, "column": 3 }
      },
      "50": {
        "start": { "line": 109, "column": 4 },
        "end": { "line": 128, "column": 5 }
      },
      "51": {
        "start": { "line": 110, "column": 32 },
        "end": { "line": 110, "column": 52 }
      },
      "52": {
        "start": { "line": 112, "column": 25 },
        "end": { "line": 118, "column": 8 }
      },
      "53": {
        "start": { "line": 120, "column": 6 },
        "end": { "line": 122, "column": 7 }
      },
      "54": {
        "start": { "line": 121, "column": 8 },
        "end": { "line": 121, "column": 42 }
      },
      "55": {
        "start": { "line": 123, "column": 6 },
        "end": { "line": 125, "column": 7 }
      },
      "56": {
        "start": { "line": 124, "column": 8 },
        "end": { "line": 124, "column": 63 }
      },
      "57": {
        "start": { "line": 127, "column": 6 },
        "end": { "line": 127, "column": 71 }
      },
      "58": {
        "start": { "line": 131, "column": 2 },
        "end": { "line": 133, "column": 5 }
      },
      "59": {
        "start": { "line": 132, "column": 4 },
        "end": { "line": 132, "column": 21 }
      },
      "60": {
        "start": { "line": 135, "column": 2 },
        "end": { "line": 163, "column": 4 }
      }
    },
    "fnMap": {
      "0": {
        "name": "(anonymous_0)",
        "decl": {
          "start": { "line": 7, "column": 17 },
          "end": { "line": 7, "column": 18 }
        },
        "loc": {
          "start": { "line": 7, "column": 23 },
          "end": { "line": 164, "column": 1 }
        },
        "line": 7
      },
      "1": {
        "name": "(anonymous_1)",
        "decl": {
          "start": { "line": 12, "column": 22 },
          "end": { "line": 12, "column": 23 }
        },
        "loc": {
          "start": { "line": 12, "column": 35 },
          "end": { "line": 42, "column": 3 }
        },
        "line": 12
      },
      "2": {
        "name": "(anonymous_2)",
        "decl": {
          "start": { "line": 44, "column": 25 },
          "end": { "line": 44, "column": 26 }
        },
        "loc": {
          "start": { "line": 44, "column": 37 },
          "end": { "line": 70, "column": 3 }
        },
        "line": 44
      },
      "3": {
        "name": "(anonymous_3)",
        "decl": {
          "start": { "line": 72, "column": 22 },
          "end": { "line": 72, "column": 23 }
        },
        "loc": {
          "start": { "line": 72, "column": 34 },
          "end": { "line": 86, "column": 3 }
        },
        "line": 72
      },
      "4": {
        "name": "(anonymous_4)",
        "decl": {
          "start": { "line": 88, "column": 26 },
          "end": { "line": 88, "column": 27 }
        },
        "loc": {
          "start": { "line": 88, "column": 54 },
          "end": { "line": 106, "column": 3 }
        },
        "line": 88
      },
      "5": {
        "name": "(anonymous_5)",
        "decl": {
          "start": { "line": 108, "column": 27 },
          "end": { "line": 108, "column": 28 }
        },
        "loc": {
          "start": { "line": 108, "column": 55 },
          "end": { "line": 129, "column": 3 }
        },
        "line": 108
      },
      "6": {
        "name": "(anonymous_6)",
        "decl": {
          "start": { "line": 131, "column": 12 },
          "end": { "line": 131, "column": 13 }
        },
        "loc": {
          "start": { "line": 131, "column": 18 },
          "end": { "line": 133, "column": 3 }
        },
        "line": 131
      }
    },
    "branchMap": {
      "0": {
        "loc": {
          "start": { "line": 16, "column": 6 },
          "end": { "line": 18, "column": 7 }
        },
        "type": "if",
        "locations": [
          {
            "start": { "line": 16, "column": 6 },
            "end": { "line": 18, "column": 7 }
          },
          { "start": {}, "end": {} }
        ],
        "line": 16
      },
      "1": {
        "loc": {
          "start": { "line": 20, "column": 6 },
          "end": { "line": 22, "column": 7 }
        },
        "type": "if",
        "locations": [
          {
            "start": { "line": 20, "column": 6 },
            "end": { "line": 22, "column": 7 }
          },
          { "start": {}, "end": {} }
        ],
        "line": 20
      },
      "2": {
        "loc": {
          "start": { "line": 24, "column": 6 },
          "end": { "line": 38, "column": 7 }
        },
        "type": "if",
        "locations": [
          {
            "start": { "line": 24, "column": 6 },
            "end": { "line": 38, "column": 7 }
          },
          { "start": {}, "end": {} }
        ],
        "line": 24
      },
      "3": {
        "loc": {
          "start": { "line": 29, "column": 8 },
          "end": { "line": 33, "column": 9 }
        },
        "type": "if",
        "locations": [
          {
            "start": { "line": 29, "column": 8 },
            "end": { "line": 33, "column": 9 }
          },
          { "start": {}, "end": {} }
        ],
        "line": 29
      },
      "4": {
        "loc": {
          "start": { "line": 35, "column": 8 },
          "end": { "line": 37, "column": 9 }
        },
        "type": "if",
        "locations": [
          {
            "start": { "line": 35, "column": 8 },
            "end": { "line": 37, "column": 9 }
          },
          { "start": {}, "end": {} }
        ],
        "line": 35
      },
      "5": {
        "loc": {
          "start": { "line": 59, "column": 6 },
          "end": { "line": 62, "column": 7 }
        },
        "type": "if",
        "locations": [
          {
            "start": { "line": 59, "column": 6 },
            "end": { "line": 62, "column": 7 }
          },
          { "start": {}, "end": {} }
        ],
        "line": 59
      },
      "6": {
        "loc": {
          "start": { "line": 64, "column": 6 },
          "end": { "line": 66, "column": 7 }
        },
        "type": "if",
        "locations": [
          {
            "start": { "line": 64, "column": 6 },
            "end": { "line": 66, "column": 7 }
          },
          { "start": {}, "end": {} }
        ],
        "line": 64
      },
      "7": {
        "loc": {
          "start": { "line": 94, "column": 6 },
          "end": { "line": 98, "column": 7 }
        },
        "type": "if",
        "locations": [
          {
            "start": { "line": 94, "column": 6 },
            "end": { "line": 98, "column": 7 }
          },
          { "start": {}, "end": {} }
        ],
        "line": 94
      },
      "8": {
        "loc": {
          "start": { "line": 95, "column": 8 },
          "end": { "line": 97, "column": 9 }
        },
        "type": "if",
        "locations": [
          {
            "start": { "line": 95, "column": 8 },
            "end": { "line": 97, "column": 9 }
          },
          { "start": {}, "end": {} }
        ],
        "line": 95
      },
      "9": {
        "loc": {
          "start": { "line": 100, "column": 6 },
          "end": { "line": 102, "column": 7 }
        },
        "type": "if",
        "locations": [
          {
            "start": { "line": 100, "column": 6 },
            "end": { "line": 102, "column": 7 }
          },
          { "start": {}, "end": {} }
        ],
        "line": 100
      },
      "10": {
        "loc": {
          "start": { "line": 120, "column": 6 },
          "end": { "line": 122, "column": 7 }
        },
        "type": "if",
        "locations": [
          {
            "start": { "line": 120, "column": 6 },
            "end": { "line": 122, "column": 7 }
          },
          { "start": {}, "end": {} }
        ],
        "line": 120
      },
      "11": {
        "loc": {
          "start": { "line": 123, "column": 6 },
          "end": { "line": 125, "column": 7 }
        },
        "type": "if",
        "locations": [
          {
            "start": { "line": 123, "column": 6 },
            "end": { "line": 125, "column": 7 }
          },
          { "start": {}, "end": {} }
        ],
        "line": 123
      }
    },
    "s": {
      "0": 1,
      "1": 1,
      "2": 1,
      "3": 1,
      "4": 1,
      "5": 0,
      "6": 0,
      "7": 0,
      "8": 0,
      "9": 0,
      "10": 0,
      "11": 0,
      "12": 0,
      "13": 0,
      "14": 0,
      "15": 0,
      "16": 0,
      "17": 0,
      "18": 1,
      "19": 1,
      "20": 1,
      "21": 0,
      "22": 0,
      "23": 0,
      "24": 0,
      "25": 0,
      "26": 0,
      "27": 0,
      "28": 1,
      "29": 1,
      "30": 0,
      "31": 0,
      "32": 0,
      "33": 0,
      "34": 0,
      "35": 0,
      "36": 0,
      "37": 0,
      "38": 0,
      "39": 1,
      "40": 0,
      "41": 0,
      "42": 0,
      "43": 0,
      "44": 0,
      "45": 0,
      "46": 0,
      "47": 0,
      "48": 0,
      "49": 1,
      "50": 0,
      "51": 0,
      "52": 0,
      "53": 0,
      "54": 0,
      "55": 0,
      "56": 0,
      "57": 0,
      "58": 1,
      "59": 1,
      "60": 1
    },
    "f": { "0": 1, "1": 0, "2": 1, "3": 0, "4": 0, "5": 0, "6": 1 },
    "b": {
      "0": [0, 0],
      "1": [0, 0],
      "2": [0, 0],
      "3": [0, 0],
      "4": [0, 0],
      "5": [0, 0],
      "6": [0, 0],
      "7": [0, 0],
      "8": [0, 0],
      "9": [0, 0],
      "10": [0, 0],
      "11": [0, 0]
    },
    "_coverageSchema": "1a1c01bbd47fc00a2c39e90264f33305004495a9",
    "hash": "8829c432803e2ad876f9df6afad6f0352d5f0946"
  }
}
